Performing C++ SOURCE FILE Test CMAKE_HAVE_LIBC_PTHREAD failed with the following output:
Change Dir: /media/samuel/Home2/CPP_Projects/Ecs/build/CMakeFiles/CMakeTmp

Run Build Command(s):/usr/bin/ninja cmTC_38895 && [1/2] Building CXX object CMakeFiles/cmTC_38895.dir/src.cxx.o
[2/2] Linking CXX executable cmTC_38895
FAILED: cmTC_38895 
: && /usr/bin/g++-9   CMakeFiles/cmTC_38895.dir/src.cxx.o -o cmTC_38895   && :
/usr/bin/ld : CMakeFiles/cmTC_38895.dir/src.cxx.o : dans la fonction « main » :
src.cxx:(.text+0x46) : référence indéfinie vers « pthread_create »
/usr/bin/ld : src.cxx:(.text+0x52) : référence indéfinie vers « pthread_detach »
/usr/bin/ld : src.cxx:(.text+0x5e) : référence indéfinie vers « pthread_cancel »
/usr/bin/ld : src.cxx:(.text+0x6f) : référence indéfinie vers « pthread_join »
collect2: error: ld returned 1 exit status
ninja: build stopped: subcommand failed.


Source file was:
#include <pthread.h>

static void* test_func(void* data)
{
  return data;
}

int main(void)
{
  pthread_t thread;
  pthread_create(&thread, NULL, test_func, NULL);
  pthread_detach(thread);
  pthread_cancel(thread);
  pthread_join(thread, NULL);
  pthread_atfork(NULL, NULL, NULL);
  pthread_exit(NULL);

  return 0;
}

